2020-02-17 17:23:15.429  INFO 2076 --- [restartedMain] o.s.b.w.embedded.tomcat.TomcatWebServer  : Tomcat started on port(s): 8887 (http) with context path ''
2020-02-17 17:23:15.432  INFO 2076 --- [restartedMain] work.books.books.BooksApplication        : Started BooksApplication in 1.775 seconds (JVM running for 2.51)
2020-02-17 17:34:35.621  INFO 2076 --- [Thread-5] o.s.s.concurrent.ThreadPoolTaskExecutor  : Shutting down ExecutorService 'applicationTaskExecutor'
2020-02-17 17:34:35.623  INFO 2076 --- [Thread-5] com.zaxxer.hikari.HikariDataSource       : HikariPool-1 - Shutdown initiated...
2020-02-17 17:34:35.629  INFO 2076 --- [Thread-5] com.zaxxer.hikari.HikariDataSource       : HikariPool-1 - Shutdown completed.
2020-02-17 17:34:35.970  INFO 2076 --- [restartedMain] work.books.books.BooksApplication        : Starting BooksApplication on DESKTOP-61B86R5 with PID 2076 (D:\study\daima\idea\books\target\classes started by 41782 in D:\study\daima\idea\books)
2020-02-17 17:34:35.970  INFO 2076 --- [restartedMain] work.books.books.BooksApplication        : No active profile set, falling back to default profiles: default
2020-02-17 17:34:36.133  WARN 2076 --- [restartedMain] org.apache.tomcat.util.modeler.Registry  : The MBean registry cannot be disabled because it has already been initialised
2020-02-17 17:34:36.140  INFO 2076 --- [restartedMain] o.s.b.w.embedded.tomcat.TomcatWebServer  : Tomcat initialized with port(s): 8887 (http)
2020-02-17 17:34:36.141  INFO 2076 --- [restartedMain] o.apache.catalina.core.StandardService   : Starting service [Tomcat]
2020-02-17 17:34:36.141  INFO 2076 --- [restartedMain] org.apache.catalina.core.StandardEngine  : Starting Servlet engine: [Apache Tomcat/9.0.29]
2020-02-17 17:34:36.164  INFO 2076 --- [restartedMain] o.a.c.c.C.[Tomcat].[localhost].[/]       : Initializing Spring embedded WebApplicationContext
2020-02-17 17:34:36.164  INFO 2076 --- [restartedMain] o.s.web.context.ContextLoader            : Root WebApplicationContext: initialization completed in 193 ms
2020-02-17 17:34:36.174  INFO 2076 --- [restartedMain] com.zaxxer.hikari.HikariDataSource       : HikariPool-2 - Starting...
2020-02-17 17:34:36.178  INFO 2076 --- [restartedMain] com.zaxxer.hikari.HikariDataSource       : HikariPool-2 - Start completed.
2020-02-17 17:34:36.178  INFO 2076 --- [restartedMain] o.s.b.a.h2.H2ConsoleAutoConfiguration    : H2 console available at '/h2-console'. Database available at 'jdbc:mysql://localhost:3306/books?serverTimezone=UTC&useUnicode=true&characterEncoding=utf8'
2020-02-17 17:34:36.281  INFO 2076 --- [restartedMain] o.s.s.concurrent.ThreadPoolTaskExecutor  : Initializing ExecutorService 'applicationTaskExecutor'
2020-02-17 17:34:36.291  INFO 2076 --- [restartedMain] o.s.b.a.w.s.WelcomePageHandlerMapping    : Adding welcome page template: index
2020-02-17 17:34:36.383  INFO 2076 --- [restartedMain] o.s.b.d.a.OptionalLiveReloadServer       : LiveReload server is running on port 35729
2020-02-17 17:34:36.393  INFO 2076 --- [restartedMain] o.s.b.w.embedded.tomcat.TomcatWebServer  : Tomcat started on port(s): 8887 (http) with context path ''
2020-02-17 17:34:36.394  INFO 2076 --- [restartedMain] work.books.books.BooksApplication        : Started BooksApplication in 0.441 seconds (JVM running for 683.472)
2020-02-17 17:34:36.395  INFO 2076 --- [restartedMain] .ConditionEvaluationDeltaLoggingListener : Condition evaluation unchanged
2020-02-17 18:56:51.839  INFO 2184 --- [restartedMain] work.books.books.BooksApplication        : Starting BooksApplication on DESKTOP-61B86R5 with PID 2184 (D:\study\daima\idea\books\target\classes started by 41782 in D:\study\daima\idea\books)
2020-02-17 18:56:51.842  INFO 2184 --- [restartedMain] work.books.books.BooksApplication        : No active profile set, falling back to default profiles: default
2020-02-17 18:56:51.880  INFO 2184 --- [restartedMain] .e.DevToolsPropertyDefaultsPostProcessor : Devtools property defaults active! Set 'spring.devtools.add-properties' to 'false' to disable
2020-02-17 18:56:51.880  INFO 2184 --- [restartedMain] .e.DevToolsPropertyDefaultsPostProcessor : For additional web related logging consider setting the 'logging.level.web' property to 'DEBUG'
2020-02-17 18:56:52.881  INFO 2184 --- [restartedMain] o.s.b.w.embedded.tomcat.TomcatWebServer  : Tomcat initialized with port(s): 8887 (http)
2020-02-17 18:56:52.888  INFO 2184 --- [restartedMain] o.apache.catalina.core.StandardService   : Starting service [Tomcat]
2020-02-17 18:56:52.888  INFO 2184 --- [restartedMain] org.apache.catalina.core.StandardEngine  : Starting Servlet engine: [Apache Tomcat/9.0.29]
2020-02-17 18:56:52.991  INFO 2184 --- [restartedMain] o.a.c.c.C.[Tomcat].[localhost].[/]       : Initializing Spring embedded WebApplicationContext
2020-02-17 18:56:52.991  INFO 2184 --- [restartedMain] o.s.web.context.ContextLoader            : Root WebApplicationContext: initialization completed in 1110 ms
2020-02-17 18:56:53.013  INFO 2184 --- [restartedMain] com.zaxxer.hikari.HikariDataSource       : HikariPool-1 - Starting...
2020-02-17 18:56:53.111  INFO 2184 --- [restartedMain] com.zaxxer.hikari.HikariDataSource       : HikariPool-1 - Start completed.
2020-02-17 18:56:53.114  INFO 2184 --- [restartedMain] o.s.b.a.h2.H2ConsoleAutoConfiguration    : H2 console available at '/h2-console'. Database available at 'jdbc:mysql://localhost:3306/books?serverTimezone=UTC&useUnicode=true&characterEncoding=utf8'
2020-02-17 18:56:53.448  INFO 2184 --- [restartedMain] o.s.s.concurrent.ThreadPoolTaskExecutor  : Initializing ExecutorService 'applicationTaskExecutor'
2020-02-17 18:56:53.486  INFO 2184 --- [restartedMain] o.s.b.a.w.s.WelcomePageHandlerMapping    : Adding welcome page template: index
2020-02-17 18:56:53.654  INFO 2184 --- [restartedMain] o.s.b.d.a.OptionalLiveReloadServer       : LiveReload server is running on port 35729
2020-02-17 18:56:53.684  INFO 2184 --- [restartedMain] o.s.b.w.embedded.tomcat.TomcatWebServer  : Tomcat started on port(s): 8887 (http) with context path ''
2020-02-17 18:56:53.686  INFO 2184 --- [restartedMain] work.books.books.BooksApplication        : Started BooksApplication in 2.068 seconds (JVM running for 2.957)
